app-tv/build/intermediates/manifest_merge_blame_file/release/processReleaseMainManifest/manifest-merger-blame-release-report.txt
1<?xml version="1.0" encoding="utf-8"?>
2<manifest xmlns:android="http://schemas.android.com/apk/res/android"
3    package="com.yotei.tv"
4    android:versionCode="1"
5    android:versionName="1.0" >
6
7    <uses-sdk
8        android:minSdkVersion="26"
9        android:targetSdkVersion="34" />
10
11    <uses-feature
11-->src\main\AndroidManifest.xml:4:5-86
12        android:name="android.software.leanback"
12-->src\main\AndroidManifest.xml:4:19-59
13        android:required="true" />
13-->src\main\AndroidManifest.xml:4:60-83
14    <uses-feature
14-->src\main\AndroidManifest.xml:5:5-90
15        android:name="android.hardware.touchscreen"
15-->src\main\AndroidManifest.xml:5:19-62
16        android:required="false" />
16-->src\main\AndroidManifest.xml:5:63-87
17
18    <permission
18-->[androidx.core:core:1.13.1] AndroidManifest.xml:22:5-24:47
19        android:name="com.yotei.tv.DYNAMIC_RECEIVER_NOT_EXPORTED_PERMISSION"
19-->[androidx.core:core:1.13.1] AndroidManifest.xml:23:9-81
20        android:protectionLevel="signature" />
20-->[androidx.core:core:1.13.1] AndroidManifest.xml:24:9-44
21
22    <uses-permission android:name="com.yotei.tv.DYNAMIC_RECEIVER_NOT_EXPORTED_PERMISSION" />
22-->[androidx.core:core:1.13.1] AndroidManifest.xml:26:5-97
22-->[androidx.core:core:1.13.1] AndroidManifest.xml:26:22-94
23
24    <application
24-->src\main\AndroidManifest.xml:7:5-21:19
25        android:allowBackup="true"
25-->src\main\AndroidManifest.xml:8:9-35
26        android:appComponentFactory="androidx.core.app.CoreComponentFactory"
26-->[androidx.core:core:1.13.1] AndroidManifest.xml:28:18-86
27        android:extractNativeLibs="false"
28        android:label="@string/app_name" >
28-->src\main\AndroidManifest.xml:9:9-41
29        <activity
29-->src\main\AndroidManifest.xml:11:9-19:20
30            android:name="com.yotei.tv.MainActivity"
30-->src\main\AndroidManifest.xml:12:13-41
31            android:exported="true" >
31-->src\main\AndroidManifest.xml:13:13-36
32            <intent-filter>
32-->src\main\AndroidManifest.xml:14:13-18:29
33                <action android:name="android.intent.action.MAIN" />
33-->src\main\AndroidManifest.xml:15:17-69
33-->src\main\AndroidManifest.xml:15:25-66
34
35                <category android:name="android.intent.category.LAUNCHER" />
35-->src\main\AndroidManifest.xml:16:17-77
35-->src\main\AndroidManifest.xml:16:27-74
36                <category android:name="android.intent.category.LEANBACK_LAUNCHER" />
36-->src\main\AndroidManifest.xml:17:17-86
36-->src\main\AndroidManifest.xml:17:27-83
37            </intent-filter>
38        </activity>
39
40        <provider
40-->[androidx.emoji2:emoji2:1.3.0] AndroidManifest.xml:24:9-32:20
41            android:name="androidx.startup.InitializationProvider"
41-->[androidx.emoji2:emoji2:1.3.0] AndroidManifest.xml:25:13-67
42            android:authorities="com.yotei.tv.androidx-startup"
42-->[androidx.emoji2:emoji2:1.3.0] AndroidManifest.xml:26:13-68
43            android:exported="false" >
43-->[androidx.emoji2:emoji2:1.3.0] AndroidManifest.xml:27:13-37
44            <meta-data
44-->[androidx.emoji2:emoji2:1.3.0] AndroidManifest.xml:29:13-31:52
45                android:name="androidx.emoji2.text.EmojiCompatInitializer"
45-->[androidx.emoji2:emoji2:1.3.0] AndroidManifest.xml:30:17-75
46                android:value="androidx.startup" />
46-->[androidx.emoji2:emoji2:1.3.0] AndroidManifest.xml:31:17-49
47            <meta-data
47-->[androidx.lifecycle:lifecycle-process:2.8.7] AndroidManifest.xml:29:13-31:52
48                android:name="androidx.lifecycle.ProcessLifecycleInitializer"
48-->[androidx.lifecycle:lifecycle-process:2.8.7] AndroidManifest.xml:30:17-78
49                android:value="androidx.startup" />
49-->[androidx.lifecycle:lifecycle-process:2.8.7] AndroidManifest.xml:31:17-49
50            <meta-data
50-->[androidx.profileinstaller:profileinstaller:1.3.1] AndroidManifest.xml:29:13-31:52
51                android:name="androidx.profileinstaller.ProfileInstallerInitializer"
51-->[androidx.profileinstaller:profileinstaller:1.3.1] AndroidManifest.xml:30:17-85
52                android:value="androidx.startup" />
52-->[androidx.profileinstaller:profileinstaller:1.3.1] AndroidManifest.xml:31:17-49
53        </provider>
54
55        <receiver
55-->[androidx.profileinstaller:profileinstaller:1.3.1] AndroidManifest.xml:34:9-52:20
56            android:name="androidx.profileinstaller.ProfileInstallReceiver"
56-->[androidx.profileinstaller:profileinstaller:1.3.1] AndroidManifest.xml:35:13-76
57            android:directBootAware="false"
57-->[androidx.profileinstaller:profileinstaller:1.3.1] AndroidManifest.xml:36:13-44
58            android:enabled="true"
58-->[androidx.profileinstaller:profileinstaller:1.3.1] AndroidManifest.xml:37:13-35
59            android:exported="true"
59-->[androidx.profileinstaller:profileinstaller:1.3.1] AndroidManifest.xml:38:13-36
60            android:permission="android.permission.DUMP" >
60-->[androidx.profileinstaller:profileinstaller:1.3.1] AndroidManifest.xml:39:13-57
61            <intent-filter>
61-->[androidx.profileinstaller:profileinstaller:1.3.1] AndroidManifest.xml:40:13-42:29
62                <action android:name="androidx.profileinstaller.action.INSTALL_PROFILE" />
62-->[androidx.profileinstaller:profileinstaller:1.3.1] AndroidManifest.xml:41:17-91
62-->[androidx.profileinstaller:profileinstaller:1.3.1] AndroidManifest.xml:41:25-88
63            </intent-filter>
64            <intent-filter>
64-->[androidx.profileinstaller:profileinstaller:1.3.1] AndroidManifest.xml:43:13-45:29
65                <action android:name="androidx.profileinstaller.action.SKIP_FILE" />
65-->[androidx.profileinstaller:profileinstaller:1.3.1] AndroidManifest.xml:44:17-85
65-->[androidx.profileinstaller:profileinstaller:1.3.1] AndroidManifest.xml:44:25-82
66            </intent-filter>
67            <intent-filter>
67-->[androidx.profileinstaller:profileinstaller:1.3.1] AndroidManifest.xml:46:13-48:29
68                <action android:name="androidx.profileinstaller.action.SAVE_PROFILE" />
68-->[androidx.profileinstaller:profileinstaller:1.3.1] AndroidManifest.xml:47:17-88
68-->[androidx.profileinstaller:profileinstaller:1.3.1] AndroidManifest.xml:47:25-85
69            </intent-filter>
70            <intent-filter>
70-->[androidx.profileinstaller:profileinstaller:1.3.1] AndroidManifest.xml:49:13-51:29
71                <action android:name="androidx.profileinstaller.action.BENCHMARK_OPERATION" />
71-->[androidx.profileinstaller:profileinstaller:1.3.1] AndroidManifest.xml:50:17-95
71-->[androidx.profileinstaller:profileinstaller:1.3.1] AndroidManifest.xml:50:25-92
72            </intent-filter>
73        </receiver>
74    </application>
75
76</manifest>